<?xml version="1.0" encoding="UTF-8"?>
<!-- Generated by org.testng.reporters.JUnitReportReporter -->
<testsuite skipped="0" hostname="farooq-pc" name="TestSuite.ForgotPasswordTest" tests="4" failures="0" timestamp="27 Mar 2018 16:06:28 GMT" time="4.390" errors="0">
  <testcase name="verify1" time="1.113" classname="TestSuite.ForgotPasswordTest"/>
  <testcase name="verify2" time="1.160" classname="TestSuite.ForgotPasswordTest"/>
  <testcase name="verify3" time="0.974" classname="TestSuite.ForgotPasswordTest"/>
  <testcase name="verify4" time="1.143" classname="TestSuite.ForgotPasswordTest"/>
</testsuite> <!-- TestSuite.ForgotPasswordTest -->
