<?xml version="1.0" encoding="UTF-8"?>
<!-- Generated by org.testng.reporters.JUnitReportReporter -->
<testsuite skipped="0" hostname="farooq-pc" name="TestSuite.LoginTest" tests="1" failures="0" timestamp="26 Mar 2018 23:53:21 GMT" time="1.597" errors="0">
  <testcase name="verify2" time="1.597" classname="TestSuite.LoginTest"/>
</testsuite> <!-- TestSuite.LoginTest -->
